0 info it worked if it ends with ok
1 verbose cli [ '/usr/local/bin/node', '/usr/local/bin/npm', 'run', 'coverage' ]
2 info using npm@3.10.10
3 info using node@v6.11.2
4 verbose run-script [ 'precoverage', 'coverage', 'postcoverage' ]
5 info lifecycle tictactoe-tech-test@1.0.0~precoverage: tictactoe-tech-test@1.0.0
6 silly lifecycle tictactoe-tech-test@1.0.0~precoverage: no script for precoverage, continuing
7 info lifecycle tictactoe-tech-test@1.0.0~coverage: tictactoe-tech-test@1.0.0
8 verbose lifecycle tictactoe-tech-test@1.0.0~coverage: unsafe-perm in lifecycle true
9 verbose lifecycle tictactoe-tech-test@1.0.0~coverage: PATH: /usr/local/lib/node_modules/npm/bin/node-gyp-bin:/Users/jenniferbacon/Documents/Coding/Makers/week14/tictactoe-tech-test/node_modules/.bin:/Users/jenniferbacon/.rvm/gems/ruby-2.4.0/bin:/Users/jenniferbacon/.rvm/gems/ruby-2.4.0@global/bin:/Users/jenniferbacon/.rvm/rubies/ruby-2.4.0/bin:/usr/local/bin:/usr/bin:/bin:/usr/sbin:/sbin:/Users/jenniferbacon/.rvm/bin
10 verbose lifecycle tictactoe-tech-test@1.0.0~coverage: CWD: /Users/jenniferbacon/Documents/Coding/Makers/week14/tictactoe-tech-test
11 silly lifecycle tictactoe-tech-test@1.0.0~coverage: Args: [ '-c', 'istanbul cover ./test/gameTest.js' ]
12 info lifecycle tictactoe-tech-test@1.0.0~coverage: Failed to exec coverage script
13 verbose stack Error: tictactoe-tech-test@1.0.0 coverage: `istanbul cover ./test/gameTest.js`
13 verbose stack spawn ENOENT
13 verbose stack     at ChildProcess.<anonymous> (/usr/local/lib/node_modules/npm/lib/utils/spawn.js:33:16)
13 verbose stack     at emitTwo (events.js:106:13)
13 verbose stack     at ChildProcess.emit (events.js:191:7)
13 verbose stack     at maybeClose (internal/child_process.js:891:16)
13 verbose stack     at Process.ChildProcess._handle.onexit (internal/child_process.js:226:5)
14 verbose pkgid tictactoe-tech-test@1.0.0
15 verbose cwd /Users/jenniferbacon/Documents/Coding/Makers/week14/tictactoe-tech-test
16 error Darwin 16.7.0
17 error argv "/usr/local/bin/node" "/usr/local/bin/npm" "run" "coverage"
18 error node v6.11.2
19 error npm  v3.10.10
20 error file sh
21 error code ELIFECYCLE
22 error errno ENOENT
23 error syscall spawn
24 error tictactoe-tech-test@1.0.0 coverage: `istanbul cover ./test/gameTest.js`
24 error spawn ENOENT
25 error Failed at the tictactoe-tech-test@1.0.0 coverage script 'istanbul cover ./test/gameTest.js'.
25 error Make sure you have the latest version of node.js and npm installed.
25 error If you do, this is most likely a problem with the tictactoe-tech-test package,
25 error not with npm itself.
25 error Tell the author that this fails on your system:
25 error     istanbul cover ./test/gameTest.js
25 error You can get information on how to open an issue for this project with:
25 error     npm bugs tictactoe-tech-test
25 error Or if that isn't available, you can get their info via:
25 error     npm owner ls tictactoe-tech-test
25 error There is likely additional logging output above.
26 verbose exit [ 1, true ]
